# JRE version: OpenJDK Runtime Environment (21.0.10) (build 21.0.10+-14961533-b1163.108)
# Java VM: OpenJDK 64-Bit Server VM (21.0.10+-14961533-b1163.108, mixed mode, tiered, compressed oops, compressed class ptrs, g1 gc, windows-amd64)
GC Precious Log:
 CardTable entry size: 512
 Card Set container configuration: InlinePtr #cards 5 size 8 Array Of Cards #cards 12 size 40 Howl #buckets 4 coarsen threshold 1843 Howl Bitmap #cards 512 size 80 coarsen threshold 460 Card regions per heap region 1 cards per card region 2048
 CPUs: 12 total, 12 available
 Memory: 7560M
 Large Page Support: Disabled
 NUMA Support: Disabled
 Compressed Oops: Enabled (32-bit)
 Heap Region Size: 1M
 Heap Min Capacity: 8M
 Heap Initial Capacity: 120M
 Heap Max Capacity: 2G
 Pre-touch: Disabled
 Parallel Workers: 10
 Concurrent Workers: 3
 Concurrent Refinement Workers: 10
 Periodic GC: Disabled
Heap:
 garbage-first heap   total 307200K, used 179806K [0x0000000080000000, 0x0000000100000000)
  region size 1024K, 8 young (8192K), 8 survivors (8192K)
 Metaspace       used 144019K, committed 146624K, reserved 1179648K
  class space    used 19934K, committed 21184K, reserved 1048576K
GC Heap History (20 events):
Event: 398.975 GC heap after
{Heap after GC invocations=58 (full 0):
 garbage-first heap   total 270336K, used 161835K [0x0000000080000000, 0x0000000100000000)
  region size 1024K, 7 young (7168K), 7 survivors (7168K)
 Metaspace       used 140632K, committed 143104K, reserved 1179648K
  class space    used 19462K, committed 20672K, reserved 1048576K
}
Event: 400.768 GC heap before
{Heap before GC invocations=58 (full 0):
 garbage-first heap   total 270336K, used 248875K [0x0000000080000000, 0x0000000100000000)
  region size 1024K, 94 young (96256K), 7 survivors (7168K)
 Metaspace       used 141207K, committed 143872K, reserved 1179648K
  class space    used 19531K, committed 20800K, reserved 1048576K
}
Event: 400.783 GC heap after
{Heap after GC invocations=59 (full 0):
 garbage-first heap   total 270336K, used 167938K [0x0000000080000000, 0x0000000100000000)
  region size 1024K, 13 young (13312K), 13 survivors (13312K)
 Metaspace       used 141207K, committed 143872K, reserved 1179648K
  class space    used 19531K, committed 20800K, reserved 1048576K
}
Event: 403.618 GC heap before
{Heap before GC invocations=60 (full 0):
 garbage-first heap   total 283648K, used 254978K [0x0000000080000000, 0x0000000100000000)
  region size 1024K, 97 young (99328K), 13 survivors (13312K)
 Metaspace       used 143422K, committed 145984K, reserved 1179648K
  class space    used 19821K, committed 21056K, reserved 1048576K
}
Event: 403.650 GC heap after
{Heap after GC invocations=61 (full 0):
 garbage-first heap   total 283648K, used 179010K [0x0000000080000000, 0x0000000100000000)
  region size 1024K, 13 young (13312K), 13 survivors (13312K)
 Metaspace       used 143422K, committed 145984K, reserved 1179648K
  class space    used 19821K, committed 21056K, reserved 1048576K
}
Event: 404.130 GC heap before
{Heap before GC invocations=61 (full 0):
 garbage-first heap   total 283648K, used 262978K [0x0000000080000000, 0x0000000100000000)
  region size 1024K, 95 young (97280K), 13 survivors (13312K)
 Metaspace       used 143450K, committed 145984K, reserved 1179648K
  class space    used 19821K, committed 21056K, reserved 1048576K
}
Event: 404.148 GC heap after
{Heap after GC invocations=62 (full 0):
 garbage-first heap   total 283648K, used 182767K [0x0000000080000000, 0x0000000100000000)
  region size 1024K, 4 young (4096K), 4 survivors (4096K)
 Metaspace       used 143450K, committed 145984K, reserved 1179648K
  class space    used 19821K, committed 21056K, reserved 1048576K
}
Event: 404.639 GC heap before
{Heap before GC invocations=62 (full 0):
 garbage-first heap   total 283648K, used 264687K [0x0000000080000000, 0x0000000100000000)
  region size 1024K, 85 young (87040K), 4 survivors (4096K)
 Metaspace       used 143818K, committed 146368K, reserved 1179648K
  class space    used 19907K, committed 21120K, reserved 1048576K
}
Event: 404.647 GC heap after
{Heap after GC invocations=63 (full 0):
 garbage-first heap   total 283648K, used 183684K [0x0000000080000000, 0x0000000100000000)
  region size 1024K, 5 young (5120K), 5 survivors (5120K)
 Metaspace       used 143818K, committed 146368K, reserved 1179648K
  class space    used 19907K, committed 21120K, reserved 1048576K
}
Event: 405.142 GC heap before
{Heap before GC invocations=64 (full 0):
 garbage-first heap   total 307200K, used 266628K [0x0000000080000000, 0x0000000100000000)
  region size 1024K, 87 young (89088K), 5 survivors (5120K)
 Metaspace       used 143970K, committed 146560K, reserved 1179648K
  class space    used 19933K, committed 21184K, reserved 1048576K
}
Event: 405.149 GC heap after
{Heap after GC invocations=65 (full 0):
 garbage-first heap   total 307200K, used 183690K [0x0000000080000000, 0x0000000100000000)
  region size 1024K, 5 young (5120K), 5 survivors (5120K)
 Metaspace       used 143970K, committed 146560K, reserved 1179648K
  class space    used 19933K, committed 21184K, reserved 1048576K
}
Event: 405.286 GC heap before
{Heap before GC invocations=65 (full 0):
 garbage-first heap   total 307200K, used 289162K [0x0000000080000000, 0x0000000100000000)
  region size 1024K, 109 young (111616K), 5 survivors (5120K)
 Metaspace       used 143971K, committed 146560K, reserved 1179648K
  class space    used 19933K, committed 21184K, reserved 1048576K
}
Event: 405.297 GC heap after
{Heap after GC invocations=66 (full 0):
 garbage-first heap   total 307200K, used 179928K [0x0000000080000000, 0x0000000100000000)
  region size 1024K, 5 young (5120K), 5 survivors (5120K)
 Metaspace       used 143971K, committed 146560K, reserved 1179648K
  class space    used 19933K, committed 21184K, reserved 1048576K
}
Event: 405.545 GC heap before
{Heap before GC invocations=66 (full 0):
 garbage-first heap   total 307200K, used 291544K [0x0000000080000000, 0x0000000100000000)
  region size 1024K, 114 young (116736K), 5 survivors (5120K)
 Metaspace       used 143979K, committed 146560K, reserved 1179648K
  class space    used 19933K, committed 21184K, reserved 1048576K
}
Event: 405.553 GC heap after
{Heap after GC invocations=67 (full 0):
 garbage-first heap   total 307200K, used 180503K [0x0000000080000000, 0x0000000100000000)
  region size 1024K, 6 young (6144K), 6 survivors (6144K)
 Metaspace       used 143979K, committed 146560K, reserved 1179648K
  class space    used 19933K, committed 21184K, reserved 1048576K
}
Event: 405.743 GC heap before
{Heap before GC invocations=67 (full 0):
 garbage-first heap   total 307200K, used 291095K [0x0000000080000000, 0x0000000100000000)
  region size 1024K, 114 young (116736K), 6 survivors (6144K)
 Metaspace       used 143992K, committed 146560K, reserved 1179648K
  class space    used 19933K, committed 21184K, reserved 1048576K
}
Event: 405.751 GC heap after
{Heap after GC invocations=68 (full 0):
 garbage-first heap   total 307200K, used 181280K [0x0000000080000000, 0x0000000100000000)
  region size 1024K, 7 young (7168K), 7 survivors (7168K)
 Metaspace       used 143992K, committed 146560K, reserved 1179648K
  class space    used 19933K, committed 21184K, reserved 1048576K
}
Event: 405.897 GC heap before
{Heap before GC invocations=69 (full 0):
 garbage-first heap   total 307200K, used 289824K [0x0000000080000000, 0x0000000100000000)
  region size 1024K, 114 young (116736K), 7 survivors (7168K)
 Metaspace       used 143998K, committed 146624K, reserved 1179648K
  class space    used 19933K, committed 21184K, reserved 1048576K
}
Event: 405.904 GC heap after
{Heap after GC invocations=70 (full 0):
 garbage-first heap   total 307200K, used 181778K [0x0000000080000000, 0x0000000100000000)
  region size 1024K, 7 young (7168K), 7 survivors (7168K)
 Metaspace       used 143998K, committed 146624K, reserved 1179648K
  class space    used 19933K, committed 21184K, reserved 1048576K
}
Event: 406.127 GC heap before
{Heap before GC invocations=70 (full 0):
 garbage-first heap   total 307200K, used 290322K [0x0000000080000000, 0x0000000100000000)
  region size 1024K, 114 young (116736K), 7 survivors (7168K)
 Metaspace       used 144019K, committed 146624K, reserved 1179648K
  class space    used 19934K, committed 21184K, reserved 1048576K
}

